This is pdfTeX, Version 3.141592653-2.6-1.40.22 (TeX Live 2022/dev/Debian) (preloaded format=pdflatex 2023.11.2)  7 DEC 2023 23:12
entering extended mode
 restricted \write18 enabled.
 %&-line parsing enabled.
**appendix.tex
(./appendix.tex
LaTeX2e <2021-11-15> patch level 1
L3 programming layer <2022-01-21>
! Undefined control sequence.
l.1 \chapter
            {Приложение А}
The control sequence at the end of the top line
of your error message was never \def'ed. If you have
misspelled it (e.g., `\hobx'), type `I' and the correct
spelling (e.g., `I\hbox'). Otherwise just continue,
and I'll forget about whatever was undefined.


! LaTeX Error: Unicode character П (U+041F)
               not set up for use with LaTeX.

See the LaTeX manual or LaTeX Companion for explanation.
Type  H <return>  for immediate help.
 ...                                              
                                                  
l.1 \chapter{П
               риложение А}
You may provide a definition with
\DeclareUnicodeCharacter 


! LaTeX Error: Unicode character р (U+0440)
               not set up for use with LaTeX.

See the LaTeX manual or LaTeX Companion for explanation.
Type  H <return>  for immediate help.
 ...                                              
                                                  
l.1 \chapter{Пр
                 иложение А}
You may provide a definition with
\DeclareUnicodeCharacter 


! LaTeX Error: Unicode character и (U+0438)
               not set up for use with LaTeX.

See the LaTeX manual or LaTeX Companion for explanation.
Type  H <return>  for immediate help.
 ...                                              
                                                  
l.1 \chapter{При
                   ложение А}
You may provide a definition with
\DeclareUnicodeCharacter 


! LaTeX Error: Unicode character л (U+043B)
               not set up for use with LaTeX.

See the LaTeX manual or LaTeX Companion for explanation.
Type  H <return>  for immediate help.
 ...                                              
                                                  
l.1 \chapter{Прил
                     ожение А}
You may provide a definition with
\DeclareUnicodeCharacter 


! LaTeX Error: Unicode character о (U+043E)
               not set up for use with LaTeX.

See the LaTeX manual or LaTeX Companion for explanation.
Type  H <return>  for immediate help.
 ...                                              
                                                  
l.1 \chapter{Прило
                       жение А}
You may provide a definition with
\DeclareUnicodeCharacter 


! LaTeX Error: Unicode character ж (U+0436)
               not set up for use with LaTeX.

See the LaTeX manual or LaTeX Companion for explanation.
Type  H <return>  for immediate help.
 ...                                              
                                                  
l.1 \chapter{Прилож
                         ение А}
You may provide a definition with
\DeclareUnicodeCharacter 


! LaTeX Error: Unicode character е (U+0435)
               not set up for use with LaTeX.

See the LaTeX manual or LaTeX Companion for explanation.
Type  H <return>  for immediate help.
 ...                                              
                                                  
l.1 \chapter{Приложе
                           ние А}
You may provide a definition with
\DeclareUnicodeCharacter 


! LaTeX Error: Unicode character н (U+043D)
               not set up for use with LaTeX.

See the LaTeX manual or LaTeX Companion for explanation.
Type  H <return>  for immediate help.
 ...                                              
                                                  
l.1 \chapter{Приложен
                             ие А}
You may provide a definition with
\DeclareUnicodeCharacter 


! LaTeX Error: Unicode character и (U+0438)
               not set up for use with LaTeX.

See the LaTeX manual or LaTeX Companion for explanation.
Type  H <return>  for immediate help.
 ...                                              
                                                  
l.1 \chapter{Приложени
                               е А}
You may provide a definition with
\DeclareUnicodeCharacter 


! LaTeX Error: Unicode character е (U+0435)
               not set up for use with LaTeX.

See the LaTeX manual or LaTeX Companion for explanation.
Type  H <return>  for immediate help.
 ...                                              
                                                  
l.1 \chapter{Приложение
                                  А}
You may provide a definition with
\DeclareUnicodeCharacter 


! LaTeX Error: Unicode character А (U+0410)
               not set up for use with LaTeX.

See the LaTeX manual or LaTeX Companion for explanation.
Type  H <return>  for immediate help.
 ...                                              
                                                  
l.1 \chapter{Приложение А
                                    }
You may provide a definition with
\DeclareUnicodeCharacter 

)
! Emergency stop.
<*> appendix.tex
                
*** (job aborted, no legal \end found)

 
Here is how much of TeX's memory you used:
 25 strings out of 479721
 447 string characters out of 5887697
 284865 words of memory out of 5000000
 18082 multiletter control sequences out of 15000+600000
 469259 words of font info for 28 fonts, out of 8000000 for 9000
 430 hyphenation exceptions out of 8191
 13i,0n,12p,77b,25s stack positions out of 5000i,500n,10000p,200000b,80000s
!  ==> Fatal error occurred, no output PDF file produced!
