This is pdfTeX, Version 3.141592653-2.6-1.40.22 (TeX Live 2022/dev/Debian) (preloaded format=pdflatex 2023.9.8)  4 OCT 2023 22:05
entering extended mode
 restricted \write18 enabled.
 %&-line parsing enabled.
**biblio.tex
(./biblio.tex
LaTeX2e <2021-11-15> patch level 1
L3 programming layer <2022-01-21>
\bibdata{biblio}
No file biblio.bbl.
)
! Emergency stop.
<*> biblio.tex
              
*** (job aborted, no legal \end found)

 
Here is how much of TeX's memory you used:
 19 strings out of 479721
 430 string characters out of 5887698
 284865 words of memory out of 5000000
 18075 multiletter control sequences out of 15000+600000
 469259 words of font info for 28 fonts, out of 8000000 for 9000
 430 hyphenation exceptions out of 8191
 16i,0n,26p,148b,18s stack positions out of 5000i,500n,10000p,200000b,80000s
!  ==> Fatal error occurred, no output PDF file produced!
