This is pdfTeX, Version 3.141592653-2.6-1.40.22 (TeX Live 2022/dev/Debian) (preloaded format=pdflatex 2023.11.2)  11 DEC 2023 01:53
entering extended mode
 restricted \write18 enabled.
 %&-line parsing enabled.
**implement.tex
(./implement.tex
LaTeX2e <2021-11-15> patch level 1
L3 programming layer <2022-01-21>
! Undefined control sequence.
l.1 \chapter
            {–¢–µ—Ö–Ω–æ–ª–æ–≥–∏—á–µ—Å–∫–∞—è —á–∞—Å—Ç—å}
The control sequence at the end of the top line
of your error message was never \def'ed. If you have
misspelled it (e.g., `\hobx'), type `I' and the correct
spelling (e.g., `I\hbox'). Otherwise just continue,
and I'll forget about whatever was undefined.


! LaTeX Error: Unicode character –¢ (U+0422)
               not set up for use with LaTeX.

See the LaTeX manual or LaTeX Companion for explanation.
Type  H <return>  for immediate help.
 ...                                              
                                                  
l.1 \chapter{–¢
               –µ—Ö–Ω–æ–ª–æ–≥–∏—á–µ—Å–∫–∞—è —á–∞—Å—Ç—å}
You may provide a definition with
\DeclareUnicodeCharacter 


! LaTeX Error: Unicode character –µ (U+0435)
               not set up for use with LaTeX.

See the LaTeX manual or LaTeX Companion for explanation.
Type  H <return>  for immediate help.
 ...                                              
                                                  
l.1 \chapter{–¢–µ
                 —Ö–Ω–æ–ª–æ–≥–∏—á–µ—Å–∫–∞—è —á–∞—Å—Ç—å}
You may provide a definition with
\DeclareUnicodeCharacter 


! LaTeX Error: Unicode character —Ö (U+0445)
               not set up for use with LaTeX.

See the LaTeX manual or LaTeX Companion for explanation.
Type  H <return>  for immediate help.
 ...                                              
                                                  
l.1 \chapter{–¢–µ—Ö
                   –Ω–æ–ª–æ–≥–∏—á–µ—Å–∫–∞—è —á–∞—Å—Ç—å}
You may provide a definition with
\DeclareUnicodeCharacter 


! LaTeX Error: Unicode character –Ω (U+043D)
               not set up for use with LaTeX.

See the LaTeX manual or LaTeX Companion for explanation.
Type  H <return>  for immediate help.
 ...                                              
                                                  
l.1 \chapter{–¢–µ—Ö–Ω
                     –æ–ª–æ–≥–∏—á–µ—Å–∫–∞—è —á–∞—Å—Ç—å}
You may provide a definition with
\DeclareUnicodeCharacter 


! LaTeX Error: Unicode character –æ (U+043E)
               not set up for use with LaTeX.

See the LaTeX manual or LaTeX Companion for explanation.
Type  H <return>  for immediate help.
 ...                                              
                                                  
l.1 \chapter{–¢–µ—Ö–Ω–æ
                       –ª–æ–≥–∏—á–µ—Å–∫–∞—è —á–∞—Å—Ç—å}
You may provide a definition with
\DeclareUnicodeCharacter 


! LaTeX Error: Unicode character –ª (U+043B)
               not set up for use with LaTeX.

See the LaTeX manual or LaTeX Companion for explanation.
Type  H <return>  for immediate help.
 ...                                              
                                                  
l.1 \chapter{–¢–µ—Ö–Ω–æ–ª
                         –æ–≥–∏—á–µ—Å–∫–∞—è —á–∞—Å—Ç—å}
You may provide a definition with
\DeclareUnicodeCharacter 


! LaTeX Error: Unicode character –æ (U+043E)
               not set up for use with LaTeX.

See the LaTeX manual or LaTeX Companion for explanation.
Type  H <return>  for immediate help.
 ...                                              
                                                  
l.1 \chapter{–¢–µ—Ö–Ω–æ–ª–æ
                           –≥–∏—á–µ—Å–∫–∞—è —á–∞—Å—Ç—å}
You may provide a definition with
\DeclareUnicodeCharacter 


! LaTeX Error: Unicode character –≥ (U+0433)
               not set up for use with LaTeX.

See the LaTeX manual or LaTeX Companion for explanation.
Type  H <return>  for immediate help.
 ...                                              
                                                  
l.1 \chapter{–¢–µ—Ö–Ω–æ–ª–æ–≥
                             –∏—á–µ—Å–∫–∞—è —á–∞—Å—Ç—å}
You may provide a definition with
\DeclareUnicodeCharacter 


! LaTeX Error: Unicode character –∏ (U+0438)
               not set up for use with LaTeX.

See the LaTeX manual or LaTeX Companion for explanation.
Type  H <return>  for immediate help.
 ...                                              
                                                  
l.1 \chapter{–¢–µ—Ö–Ω–æ–ª–æ–≥–∏
                               —á–µ—Å–∫–∞—è —á–∞—Å—Ç—å}
You may provide a definition with
\DeclareUnicodeCharacter 


! LaTeX Error: Unicode character —á (U+0447)
               not set up for use with LaTeX.

See the LaTeX manual or LaTeX Companion for explanation.
Type  H <return>  for immediate help.
 ...                                              
                                                  
l.1 \chapter{–¢–µ—Ö–Ω–æ–ª–æ–≥–∏—á
                                 –µ—Å–∫–∞—è —á–∞—Å—Ç—å}
You may provide a definition with
\DeclareUnicodeCharacter 


! LaTeX Error: Unicode character –µ (U+0435)
               not set up for use with LaTeX.

See the LaTeX manual or LaTeX Companion for explanation.
Type  H <return>  for immediate help.
 ...                                              
                                                  
l.1 \chapter{–¢–µ—Ö–Ω–æ–ª–æ–≥–∏—á–µ
                                   —Å–∫–∞—è —á–∞—Å—Ç—å}
You may provide a definition with
\DeclareUnicodeCharacter 


! LaTeX Error: Unicode character —Å (U+0441)
               not set up for use with LaTeX.

See the LaTeX manual or LaTeX Companion for explanation.
Type  H <return>  for immediate help.
 ...                                              
                                                  
l.1 \chapter{–¢–µ—Ö–Ω–æ–ª–æ–≥–∏—á–µ—Å
                                     –∫–∞—è —á–∞—Å—Ç—å}
You may provide a definition with
\DeclareUnicodeCharacter 


! LaTeX Error: Unicode character –∫ (U+043A)
               not set up for use with LaTeX.

See the LaTeX manual or LaTeX Companion for explanation.
Type  H <return>  for immediate help.
 ...                                              
                                                  
l.1 \chapter{–¢–µ—Ö–Ω–æ–ª–æ–≥–∏—á–µ—Å–∫
                                       –∞—è —á–∞—Å—Ç—å}
You may provide a definition with
\DeclareUnicodeCharacter 


! LaTeX Error: Unicode character –∞ (U+0430)
               not set up for use with LaTeX.

See the LaTeX manual or LaTeX Companion for explanation.
Type  H <return>  for immediate help.
 ...                                              
                                                  
l.1 \chapter{–¢–µ—Ö–Ω–æ–ª–æ–≥–∏—á–µ—Å–∫–∞
                                         —è —á–∞—Å—Ç—å}
You may provide a definition with
\DeclareUnicodeCharacter 


! LaTeX Error: Unicode character —è (U+044F)
               not set up for use with LaTeX.

See the LaTeX manual or LaTeX Companion for explanation.
Type  H <return>  for immediate help.
 ...                                              
                                                  
l.1 \chapter{–¢–µ—Ö–Ω–æ–ª–æ–≥–∏—á–µ—Å–∫–∞—è
                                            —á–∞—Å—Ç—å}
You may provide a definition with
\DeclareUnicodeCharacter 


! LaTeX Error: Unicode character —á (U+0447)
               not set up for use with LaTeX.

See the LaTeX manual or LaTeX Companion for explanation.
Type  H <return>  for immediate help.
 ...                                              
                                                  
l.1 \chapter{–¢–µ—Ö–Ω–æ–ª–æ–≥–∏—á–µ—Å–∫–∞—è —á
                                              –∞—Å—Ç—å}
You may provide a definition with
\DeclareUnicodeCharacter 


! LaTeX Error: Unicode character –∞ (U+0430)
               not set up for use with LaTeX.

See the LaTeX manual or LaTeX Companion for explanation.
Type  H <return>  for immediate help.
 ...                                              
                                                  
l.1 \chapter{–¢–µ—Ö–Ω–æ–ª–æ–≥–∏—á–µ—Å–∫–∞—è —á–∞
                                                —Å—Ç—å}
You may provide a definition with
\DeclareUnicodeCharacter 


! LaTeX Error: Unicode character —Å (U+0441)
               not set up for use with LaTeX.

See the LaTeX manual or LaTeX Companion for explanation.
Type  H <return>  for immediate help.
 ...                                              
                                                  
l.1 \chapter{–¢–µ—Ö–Ω–æ–ª–æ–≥–∏—á–µ—Å–∫–∞—è —á–∞—Å
                                                  —Ç—å}
You may provide a definition with
\DeclareUnicodeCharacter 


! LaTeX Error: Unicode character —Ç (U+0442)
               not set up for use with LaTeX.

See the LaTeX manual or LaTeX Companion for explanation.
Type  H <return>  for immediate help.
 ...                                              
                                                  
l.1 ...ter{–¢–µ—Ö–Ω–æ–ª–æ–≥–∏—á–µ—Å–∫–∞—è —á–∞—Å—Ç
                                                  —å}
You may provide a definition with
\DeclareUnicodeCharacter 


! LaTeX Error: Unicode character —å (U+044C)
               not set up for use with LaTeX.

See the LaTeX manual or LaTeX Companion for explanation.
Type  H <return>  for immediate help.
 ...                                              
                                                  
l.1 ...r{–¢–µ—Ö–Ω–æ–ª–æ–≥–∏—á–µ—Å–∫–∞—è —á–∞—Å—Ç—å
                                                  }
You may provide a definition with
\DeclareUnicodeCharacter 


! LaTeX Error: Unicode character –í (U+0412)
               not set up for use with LaTeX.

See the LaTeX manual or LaTeX Companion for explanation.
Type  H <return>  for immediate help.
 ...                                              
                                                  
l.3 –í
       –¥–∞–Ω–Ω–æ–º —Ä–∞–∑–¥–µ–ª–µ –±—É–¥–µ—Ç –ø—Ä–µ–¥—Å—Ç–∞–≤–ª–µ–Ω–∞ —Ä–µ–...

You may provide a definition with
\DeclareUnicodeCharacter 


! LaTeX Error: Unicode character –¥ (U+0434)
               not set up for use with LaTeX.

See the LaTeX manual or LaTeX Companion for explanation.
Type  H <return>  for immediate help.
 ...                                              
                                                  
l.3 –í –¥
         –∞–Ω–Ω–æ–º —Ä–∞–∑–¥–µ–ª–µ –±—É–¥–µ—Ç –ø—Ä–µ–¥—Å—Ç–∞–≤–ª–µ–Ω–∞ —Ä–µ–...

You may provide a definition with
\DeclareUnicodeCharacter 


! LaTeX Error: Unicode character –∞ (U+0430)
               not set up for use with LaTeX.

See the LaTeX manual or LaTeX Companion for explanation.
Type  H <return>  for immediate help.
 ...                                              
                                                  
l.3 –í –¥–∞
           –Ω–Ω–æ–º —Ä–∞–∑–¥–µ–ª–µ –±—É–¥–µ—Ç –ø—Ä–µ–¥—Å—Ç–∞–≤–ª–µ–Ω–∞ —Ä–µ–...

You may provide a definition with
\DeclareUnicodeCharacter 


! LaTeX Error: Unicode character –Ω (U+043D)
               not set up for use with LaTeX.

See the LaTeX manual or LaTeX Companion for explanation.
Type  H <return>  for immediate help.
 ...                                              
                                                  
l.3 –í –¥–∞–Ω
             –Ω–æ–º —Ä–∞–∑–¥–µ–ª–µ –±—É–¥–µ—Ç –ø—Ä–µ–¥—Å—Ç–∞–≤–ª–µ–Ω–∞ —Ä–µ–...

You may provide a definition with
\DeclareUnicodeCharacter 


! LaTeX Error: Unicode character –Ω (U+043D)
               not set up for use with LaTeX.

See the LaTeX manual or LaTeX Companion for explanation.
Type  H <return>  for immediate help.
 ...                                              
                                                  
l.3 –í –¥–∞–Ω–Ω
               –æ–º —Ä–∞–∑–¥–µ–ª–µ –±—É–¥–µ—Ç –ø—Ä–µ–¥—Å—Ç–∞–≤–ª–µ–Ω–∞ —Ä–µ–...

You may provide a definition with
\DeclareUnicodeCharacter 


! LaTeX Error: Unicode character –æ (U+043E)
               not set up for use with LaTeX.

See the LaTeX manual or LaTeX Companion for explanation.
Type  H <return>  for immediate help.
 ...                                              
                                                  
l.3 –í –¥–∞–Ω–Ω–æ
                 –º —Ä–∞–∑–¥–µ–ª–µ –±—É–¥–µ—Ç –ø—Ä–µ–¥—Å—Ç–∞–≤–ª–µ–Ω–∞ —Ä–µ–...

You may provide a definition with
\DeclareUnicodeCharacter 


! LaTeX Error: Unicode character –º (U+043C)
               not set up for use with LaTeX.

See the LaTeX manual or LaTeX Companion for explanation.
Type  H <return>  for immediate help.
 ...                                              
                                                  
l.3 –í –¥–∞–Ω–Ω–æ–º
                    —Ä–∞–∑–¥–µ–ª–µ –±—É–¥–µ—Ç –ø—Ä–µ–¥—Å—Ç–∞–≤–ª–µ–Ω–∞ —Ä–µ–...

You may provide a definition with
\DeclareUnicodeCharacter 


! LaTeX Error: Unicode character —Ä (U+0440)
               not set up for use with LaTeX.

See the LaTeX manual or LaTeX Companion for explanation.
Type  H <return>  for immediate help.
 ...                                              
                                                  
l.3 –í –¥–∞–Ω–Ω–æ–º —Ä
                      –∞–∑–¥–µ–ª–µ –±—É–¥–µ—Ç –ø—Ä–µ–¥—Å—Ç–∞–≤–ª–µ–Ω–∞ —Ä–µ–...

You may provide a definition with
\DeclareUnicodeCharacter 


! LaTeX Error: Unicode character –∞ (U+0430)
               not set up for use with LaTeX.

See the LaTeX manual or LaTeX Companion for explanation.
Type  H <return>  for immediate help.
 ...                                              
                                                  
l.3 –í –¥–∞–Ω–Ω–æ–º —Ä–∞
                        –∑–¥–µ–ª–µ –±—É–¥–µ—Ç –ø—Ä–µ–¥—Å—Ç–∞–≤–ª–µ–Ω–∞ —Ä–µ–...

You may provide a definition with
\DeclareUnicodeCharacter 


! LaTeX Error: Unicode character –∑ (U+0437)
               not set up for use with LaTeX.

See the LaTeX manual or LaTeX Companion for explanation.
Type  H <return>  for immediate help.
 ...                                              
                                                  
l.3 –í –¥–∞–Ω–Ω–æ–º —Ä–∞–∑
                          –¥–µ–ª–µ –±—É–¥–µ—Ç –ø—Ä–µ–¥—Å—Ç–∞–≤–ª–µ–Ω–∞ —Ä–µ–...

You may provide a definition with
\DeclareUnicodeCharacter 


! LaTeX Error: Unicode character –¥ (U+0434)
               not set up for use with LaTeX.

See the LaTeX manual or LaTeX Companion for explanation.
Type  H <return>  for immediate help.
 ...                                              
                                                  
l.3 –í –¥–∞–Ω–Ω–æ–º —Ä–∞–∑–¥
                            –µ–ª–µ –±—É–¥–µ—Ç –ø—Ä–µ–¥—Å—Ç–∞–≤–ª–µ–Ω–∞ —Ä–µ–...

You may provide a definition with
\DeclareUnicodeCharacter 


! LaTeX Error: Unicode character –µ (U+0435)
               not set up for use with LaTeX.

See the LaTeX manual or LaTeX Companion for explanation.
Type  H <return>  for immediate help.
 ...                                              
                                                  
l.3 –í –¥–∞–Ω–Ω–æ–º —Ä–∞–∑–¥–µ
                              –ª–µ –±—É–¥–µ—Ç –ø—Ä–µ–¥—Å—Ç–∞–≤–ª–µ–Ω–∞ —Ä–µ–...

You may provide a definition with
\DeclareUnicodeCharacter 


! LaTeX Error: Unicode character –ª (U+043B)
               not set up for use with LaTeX.

See the LaTeX manual or LaTeX Companion for explanation.
Type  H <return>  for immediate help.
 ...                                              
                                                  
l.3 –í –¥–∞–Ω–Ω–æ–º —Ä–∞–∑–¥–µ–ª
                                –µ –±—É–¥–µ—Ç –ø—Ä–µ–¥—Å—Ç–∞–≤–ª–µ–Ω–∞ —Ä–µ–...

You may provide a definition with
\DeclareUnicodeCharacter 


! LaTeX Error: Unicode character –µ (U+0435)
               not set up for use with LaTeX.

See the LaTeX manual or LaTeX Companion for explanation.
Type  H <return>  for immediate help.
 ...                                              
                                                  
l.3 –í –¥–∞–Ω–Ω–æ–º —Ä–∞–∑–¥–µ–ª–µ
                                   –±—É–¥–µ—Ç –ø—Ä–µ–¥—Å—Ç–∞–≤–ª–µ–Ω–∞ —Ä–µ–...

You may provide a definition with
\DeclareUnicodeCharacter 


! LaTeX Error: Unicode character –± (U+0431)
               not set up for use with LaTeX.

See the LaTeX manual or LaTeX Companion for explanation.
Type  H <return>  for immediate help.
 ...                                              
                                                  
l.3 –í –¥–∞–Ω–Ω–æ–º —Ä–∞–∑–¥–µ–ª–µ –±
                                     —É–¥–µ—Ç –ø—Ä–µ–¥—Å—Ç–∞–≤–ª–µ–Ω–∞ —Ä–µ–...

You may provide a definition with
\DeclareUnicodeCharacter 


! LaTeX Error: Unicode character —É (U+0443)
               not set up for use with LaTeX.

See the LaTeX manual or LaTeX Companion for explanation.
Type  H <return>  for immediate help.
 ...                                              
                                                  
l.3 –í –¥–∞–Ω–Ω–æ–º —Ä–∞–∑–¥–µ–ª–µ –±—É
                                       –¥–µ—Ç –ø—Ä–µ–¥—Å—Ç–∞–≤–ª–µ–Ω–∞ —Ä–µ–...

You may provide a definition with
\DeclareUnicodeCharacter 


! LaTeX Error: Unicode character –¥ (U+0434)
               not set up for use with LaTeX.

See the LaTeX manual or LaTeX Companion for explanation.
Type  H <return>  for immediate help.
 ...                                              
                                                  
l.3 –í –¥–∞–Ω–Ω–æ–º —Ä–∞–∑–¥–µ–ª–µ –±—É–¥
                                         –µ—Ç –ø—Ä–µ–¥—Å—Ç–∞–≤–ª–µ–Ω–∞ —Ä–µ–...

You may provide a definition with
\DeclareUnicodeCharacter 


! LaTeX Error: Unicode character –µ (U+0435)
               not set up for use with LaTeX.

See the LaTeX manual or LaTeX Companion for explanation.
Type  H <return>  for immediate help.
 ...                                              
                                                  
l.3 –í –¥–∞–Ω–Ω–æ–º —Ä–∞–∑–¥–µ–ª–µ –±—É–¥–µ
                                           —Ç –ø—Ä–µ–¥—Å—Ç–∞–≤–ª–µ–Ω–∞ —Ä–µ–...

You may provide a definition with
\DeclareUnicodeCharacter 


! LaTeX Error: Unicode character —Ç (U+0442)
               not set up for use with LaTeX.

See the LaTeX manual or LaTeX Companion for explanation.
Type  H <return>  for immediate help.
 ...                                              
                                                  
l.3 –í –¥–∞–Ω–Ω–æ–º —Ä–∞–∑–¥–µ–ª–µ –±—É–¥–µ—Ç
                                              –ø—Ä–µ–¥—Å—Ç–∞–≤–ª–µ–Ω–∞ —Ä–µ–...

You may provide a definition with
\DeclareUnicodeCharacter 


! LaTeX Error: Unicode character –ø (U+043F)
               not set up for use with LaTeX.

See the LaTeX manual or LaTeX Companion for explanation.
Type  H <return>  for immediate help.
 ...                                              
                                                  
l.3 –í –¥–∞–Ω–Ω–æ–º —Ä–∞–∑–¥–µ–ª–µ –±—É–¥–µ—Ç –ø
                                                —Ä–µ–¥—Å—Ç–∞–≤–ª–µ–Ω–∞ —Ä–µ–...

You may provide a definition with
\DeclareUnicodeCharacter 


! LaTeX Error: Unicode character —Ä (U+0440)
               not set up for use with LaTeX.

See the LaTeX manual or LaTeX Companion for explanation.
Type  H <return>  for immediate help.
 ...                                              
                                                  
l.3 –í –¥–∞–Ω–Ω–æ–º —Ä–∞–∑–¥–µ–ª–µ –±—É–¥–µ—Ç –ø—Ä
                                                  –µ–¥—Å—Ç–∞–≤–ª–µ–Ω–∞ —Ä–µ–...

You may provide a definition with
\DeclareUnicodeCharacter 


! LaTeX Error: Unicode character –µ (U+0435)
               not set up for use with LaTeX.

See the LaTeX manual or LaTeX Companion for explanation.
Type  H <return>  for immediate help.
 ...                                              
                                                  
l.3 ...–∞–Ω–Ω–æ–º —Ä–∞–∑–¥–µ–ª–µ –±—É–¥–µ—Ç –ø—Ä–µ
                                                  –¥—Å—Ç–∞–≤–ª–µ–Ω–∞ —Ä–µ–∞–...

You may provide a definition with
\DeclareUnicodeCharacter 


! LaTeX Error: Unicode character –¥ (U+0434)
               not set up for use with LaTeX.

See the LaTeX manual or LaTeX Companion for explanation.
Type  H <return>  for immediate help.
 ...                                              
                                                  
l.3 ...–Ω–Ω–æ–º —Ä–∞–∑–¥–µ–ª–µ –±—É–¥–µ—Ç –ø—Ä–µ–¥
                                                  —Å—Ç–∞–≤–ª–µ–Ω–∞ —Ä–µ–∞–ª–...

You may provide a definition with
\DeclareUnicodeCharacter 


! LaTeX Error: Unicode character —Å (U+0441)
               not set up for use with LaTeX.

See the LaTeX manual or LaTeX Companion for explanation.
Type  H <return>  for immediate help.
 ...                                              
                                                  
l.3 ...–Ω–æ–º —Ä–∞–∑–¥–µ–ª–µ –±—É–¥–µ—Ç –ø—Ä–µ–¥—Å
                                                  —Ç–∞–≤–ª–µ–Ω–∞ —Ä–µ–∞–ª–∏–...

You may provide a definition with
\DeclareUnicodeCharacter 


! LaTeX Error: Unicode character —Ç (U+0442)
               not set up for use with LaTeX.

See the LaTeX manual or LaTeX Companion for explanation.
Type  H <return>  for immediate help.
 ...                                              
                                                  
l.3 ...–æ–º —Ä–∞–∑–¥–µ–ª–µ –±—É–¥–µ—Ç –ø—Ä–µ–¥—Å—Ç
                                                  –∞–≤–ª–µ–Ω–∞ —Ä–µ–∞–ª–∏–∑–...

You may provide a definition with
\DeclareUnicodeCharacter 


! LaTeX Error: Unicode character –∞ (U+0430)
               not set up for use with LaTeX.

See the LaTeX manual or LaTeX Companion for explanation.
Type  H <return>  for immediate help.
 ...                                              
                                                  
l.3 ...–º —Ä–∞–∑–¥–µ–ª–µ –±—É–¥–µ—Ç –ø—Ä–µ–¥—Å—Ç–∞
                                                  –≤–ª–µ–Ω–∞ —Ä–µ–∞–ª–∏–∑–∞—...

You may provide a definition with
\DeclareUnicodeCharacter 


! LaTeX Error: Unicode character –≤ (U+0432)
               not set up for use with LaTeX.

See the LaTeX manual or LaTeX Companion for explanation.
Type  H <return>  for immediate help.
 ...                                              
                                                  
l.3 ... —Ä–∞–∑–¥–µ–ª–µ –±—É–¥–µ—Ç –ø—Ä–µ–¥—Å—Ç–∞–≤
                                                  –ª–µ–Ω–∞ —Ä–µ–∞–ª–∏–∑–∞—Ü–...

You may provide a definition with
\DeclareUnicodeCharacter 


! LaTeX Error: Unicode character –ª (U+043B)
               not set up for use with LaTeX.

See the LaTeX manual or LaTeX Companion for explanation.
Type  H <return>  for immediate help.
 ...                                              
                                                  
l.3 ...Ä–∞–∑–¥–µ–ª–µ –±—É–¥–µ—Ç –ø—Ä–µ–¥—Å—Ç–∞–≤–ª
                                                  –µ–Ω–∞ —Ä–µ–∞–ª–∏–∑–∞—Ü–∏—...

You may provide a definition with
\DeclareUnicodeCharacter 


! LaTeX Error: Unicode character –µ (U+0435)
               not set up for use with LaTeX.

See the LaTeX manual or LaTeX Companion for explanation.
Type  H <return>  for immediate help.
 ...                                              
                                                  
l.3 ...∞–∑–¥–µ–ª–µ –±—É–¥–µ—Ç –ø—Ä–µ–¥—Å—Ç–∞–≤–ª–µ
                                                  –Ω–∞ —Ä–µ–∞–ª–∏–∑–∞—Ü–∏—è ...

You may provide a definition with
\DeclareUnicodeCharacter 


! LaTeX Error: Unicode character –Ω (U+043D)
               not set up for use with LaTeX.

See the LaTeX manual or LaTeX Companion for explanation.
Type  H <return>  for immediate help.
 ...                                              
                                                  
l.3 ...∑–¥–µ–ª–µ –±—É–¥–µ—Ç –ø—Ä–µ–¥—Å—Ç–∞–≤–ª–µ–Ω
                                                  –∞ —Ä–µ–∞–ª–∏–∑–∞—Ü–∏—è —Ä...

You may provide a definition with
\DeclareUnicodeCharacter 


! LaTeX Error: Unicode character –∞ (U+0430)
               not set up for use with LaTeX.

See the LaTeX manual or LaTeX Companion for explanation.
Type  H <return>  for immediate help.
 ...                                              
                                                  
l.3 ...¥–µ–ª–µ –±—É–¥–µ—Ç –ø—Ä–µ–¥—Å—Ç–∞–≤–ª–µ–Ω–∞
                                                   —Ä–µ–∞–ª–∏–∑–∞—Ü–∏—è —Ä–µ...

You may provide a definition with
\DeclareUnicodeCharacter 


! LaTeX Error: Unicode character —Ä (U+0440)
               not set up for use with LaTeX.

See the LaTeX manual or LaTeX Companion for explanation.
Type  H <return>  for immediate help.
 ...                                              
                                                  
l.3 ...–ª–µ –±—É–¥–µ—Ç –ø—Ä–µ–¥—Å—Ç–∞–≤–ª–µ–Ω–∞ —Ä
                                                  –µ–∞–ª–∏–∑–∞—Ü–∏—è —Ä–µ—à–...

You may provide a definition with
\DeclareUnicodeCharacter 


! LaTeX Error: Unicode character –µ (U+0435)
               not set up for use with LaTeX.

See the LaTeX manual or LaTeX Companion for explanation.
Type  H <return>  for immediate help.
 ...                                              
                                                  
l.3 ...–µ –±—É–¥–µ—Ç –ø—Ä–µ–¥—Å—Ç–∞–≤–ª–µ–Ω–∞ —Ä–µ
                                                  –∞–ª–∏–∑–∞—Ü–∏—è —Ä–µ—à–µ–...

You may provide a definition with
\DeclareUnicodeCharacter 


! LaTeX Error: Unicode character –∞ (U+0430)
               not set up for use with LaTeX.

See the LaTeX manual or LaTeX Companion for explanation.
Type  H <return>  for immediate help.
 ...                                              
                                                  
l.3 ... –±—É–¥–µ—Ç –ø—Ä–µ–¥—Å—Ç–∞–≤–ª–µ–Ω–∞ —Ä–µ–∞
                                                  –ª–∏–∑–∞—Ü–∏—è —Ä–µ—à–µ–Ω–...

You may provide a definition with
\DeclareUnicodeCharacter 


! LaTeX Error: Unicode character –ª (U+043B)
               not set up for use with LaTeX.

See the LaTeX manual or LaTeX Companion for explanation.
Type  H <return>  for immediate help.
 ...                                              
                                                  
l.3 ...±—É–¥–µ—Ç –ø—Ä–µ–¥—Å—Ç–∞–≤–ª–µ–Ω–∞ —Ä–µ–∞–ª
                                                  –∏–∑–∞—Ü–∏—è —Ä–µ—à–µ–Ω–∏—...

You may provide a definition with
\DeclareUnicodeCharacter 


! LaTeX Error: Unicode character –∏ (U+0438)
               not set up for use with LaTeX.

See the LaTeX manual or LaTeX Companion for explanation.
Type  H <return>  for immediate help.
 ...                                              
                                                  
l.3 ...É–¥–µ—Ç –ø—Ä–µ–¥—Å—Ç–∞–≤–ª–µ–Ω–∞ —Ä–µ–∞–ª–∏
                                                  –∑–∞—Ü–∏—è —Ä–µ—à–µ–Ω–∏—è ...

You may provide a definition with
\DeclareUnicodeCharacter 


! LaTeX Error: Unicode character –∑ (U+0437)
               not set up for use with LaTeX.

See the LaTeX manual or LaTeX Companion for explanation.
Type  H <return>  for immediate help.
 ...                                              
                                                  
l.3 ...¥–µ—Ç –ø—Ä–µ–¥—Å—Ç–∞–≤–ª–µ–Ω–∞ —Ä–µ–∞–ª–∏–∑
                                                  –∞—Ü–∏—è —Ä–µ—à–µ–Ω–∏—è –ø...

You may provide a definition with
\DeclareUnicodeCharacter 


! LaTeX Error: Unicode character –∞ (U+0430)
               not set up for use with LaTeX.

See the LaTeX manual or LaTeX Companion for explanation.
Type  H <return>  for immediate help.
 ...                                              
                                                  
l.3 ...µ—Ç –ø—Ä–µ–¥—Å—Ç–∞–≤–ª–µ–Ω–∞ —Ä–µ–∞–ª–∏–∑–∞
                                                  —Ü–∏—è —Ä–µ—à–µ–Ω–∏—è –ø–æ...

You may provide a definition with
\DeclareUnicodeCharacter 


! LaTeX Error: Unicode character —Ü (U+0446)
               not set up for use with LaTeX.

See the LaTeX manual or LaTeX Companion for explanation.
Type  H <return>  for immediate help.
 ...                                              
                                                  
l.3 ...Ç –ø—Ä–µ–¥—Å—Ç–∞–≤–ª–µ–Ω–∞ —Ä–µ–∞–ª–∏–∑–∞—Ü
                                                  –∏—è —Ä–µ—à–µ–Ω–∏—è –ø–æ—Å...

You may provide a definition with
\DeclareUnicodeCharacter 


! LaTeX Error: Unicode character –∏ (U+0438)
               not set up for use with LaTeX.

See the LaTeX manual or LaTeX Companion for explanation.
Type  H <return>  for immediate help.
 ...                                              
                                                  
l.3 ...–ø—Ä–µ–¥—Å—Ç–∞–≤–ª–µ–Ω–∞ —Ä–µ–∞–ª–∏–∑–∞—Ü–∏
                                                  —è —Ä–µ—à–µ–Ω–∏—è –ø–æ—Å—Ç...

You may provide a definition with
\DeclareUnicodeCharacter 


! LaTeX Error: Unicode character —è (U+044F)
               not set up for use with LaTeX.

See the LaTeX manual or LaTeX Companion for explanation.
Type  H <return>  for immediate help.
 ...                                              
                                                  
l.3 ...—Ä–µ–¥—Å—Ç–∞–≤–ª–µ–Ω–∞ —Ä–µ–∞–ª–∏–∑–∞—Ü–∏—è
                                                   —Ä–µ—à–µ–Ω–∏—è –ø–æ—Å—Ç–∞...

You may provide a definition with
\DeclareUnicodeCharacter 


! LaTeX Error: Unicode character —Ä (U+0440)
               not set up for use with LaTeX.

See the LaTeX manual or LaTeX Companion for explanation.
Type  H <return>  for immediate help.
 ...                                              
                                                  
l.3 ...µ–¥—Å—Ç–∞–≤–ª–µ–Ω–∞ —Ä–µ–∞–ª–∏–∑–∞—Ü–∏—è —Ä
                                                  –µ—à–µ–Ω–∏—è –ø–æ—Å—Ç–∞–≤–...

You may provide a definition with
\DeclareUnicodeCharacter 


! LaTeX Error: Unicode character –µ (U+0435)
               not set up for use with LaTeX.

See the LaTeX manual or LaTeX Companion for explanation.
Type  H <return>  for immediate help.
 ...                                              
                                                  
l.3 ...¥—Å—Ç–∞–≤–ª–µ–Ω–∞ —Ä–µ–∞–ª–∏–∑–∞—Ü–∏—è —Ä–µ
                                                  —à–µ–Ω–∏—è –ø–æ—Å—Ç–∞–≤–ª–...

You may provide a definition with
\DeclareUnicodeCharacter 


! LaTeX Error: Unicode character —à (U+0448)
               not set up for use with LaTeX.

See the LaTeX manual or LaTeX Companion for explanation.
Type  H <return>  for immediate help.
 ...                                              
                                                  
l.3 ...Å—Ç–∞–≤–ª–µ–Ω–∞ —Ä–µ–∞–ª–∏–∑–∞—Ü–∏—è —Ä–µ—à
                                                  –µ–Ω–∏—è –ø–æ—Å—Ç–∞–≤–ª–µ–...

You may provide a definition with
\DeclareUnicodeCharacter 


! LaTeX Error: Unicode character –µ (U+0435)
               not set up for use with LaTeX.

See the LaTeX manual or LaTeX Companion for explanation.
Type  H <return>  for immediate help.
 ...                                              
                                                  
l.3 ...Ç–∞–≤–ª–µ–Ω–∞ —Ä–µ–∞–ª–∏–∑–∞—Ü–∏—è —Ä–µ—à–µ
                                                  –Ω–∏—è –ø–æ—Å—Ç–∞–≤–ª–µ–Ω–...

You may provide a definition with
\DeclareUnicodeCharacter 


! LaTeX Error: Unicode character –Ω (U+043D)
               not set up for use with LaTeX.

See the LaTeX manual or LaTeX Companion for explanation.
Type  H <return>  for immediate help.
 ...                                              
                                                  
l.3 ...∞–≤–ª–µ–Ω–∞ —Ä–µ–∞–ª–∏–∑–∞—Ü–∏—è —Ä–µ—à–µ–Ω
                                                  –∏—è –ø–æ—Å—Ç–∞–≤–ª–µ–Ω–Ω–...

You may provide a definition with
\DeclareUnicodeCharacter 


! LaTeX Error: Unicode character –∏ (U+0438)
               not set up for use with LaTeX.

See the LaTeX manual or LaTeX Companion for explanation.
Type  H <return>  for immediate help.
 ...                                              
                                                  
l.3 ...≤–ª–µ–Ω–∞ —Ä–µ–∞–ª–∏–∑–∞—Ü–∏—è —Ä–µ—à–µ–Ω–∏
                                                  —è –ø–æ—Å—Ç–∞–≤–ª–µ–Ω–Ω–æ–...

You may provide a definition with
\DeclareUnicodeCharacter 


! LaTeX Error: Unicode character —è (U+044F)
               not set up for use with LaTeX.

See the LaTeX manual or LaTeX Companion for explanation.
Type  H <return>  for immediate help.
 ...                                              
                                                  
l.3 ...ª–µ–Ω–∞ —Ä–µ–∞–ª–∏–∑–∞—Ü–∏—è —Ä–µ—à–µ–Ω–∏—è
                                                   –ø–æ—Å—Ç–∞–≤–ª–µ–Ω–Ω–æ–π ...

You may provide a definition with
\DeclareUnicodeCharacter 


! LaTeX Error: Unicode character –ø (U+043F)
               not set up for use with LaTeX.

See the LaTeX manual or LaTeX Companion for explanation.
Type  H <return>  for immediate help.
 ...                                              
                                                  
l.3 ...–Ω–∞ —Ä–µ–∞–ª–∏–∑–∞—Ü–∏—è —Ä–µ—à–µ–Ω–∏—è –ø
                                                  –æ—Å—Ç–∞–≤–ª–µ–Ω–Ω–æ–π –∑–...

You may provide a definition with
\DeclareUnicodeCharacter 


! LaTeX Error: Unicode character –æ (U+043E)
               not set up for use with LaTeX.

See the LaTeX manual or LaTeX Companion for explanation.
Type  H <return>  for immediate help.
 ...                                              
                                                  
l.3 ...–∞ —Ä–µ–∞–ª–∏–∑–∞—Ü–∏—è —Ä–µ—à–µ–Ω–∏—è –ø–æ
                                                  —Å—Ç–∞–≤–ª–µ–Ω–Ω–æ–π –∑–∞–...

You may provide a definition with
\DeclareUnicodeCharacter 


! LaTeX Error: Unicode character —Å (U+0441)
               not set up for use with LaTeX.

See the LaTeX manual or LaTeX Companion for explanation.
Type  H <return>  for immediate help.
 ...                                              
                                                  
l.3 ... —Ä–µ–∞–ª–∏–∑–∞—Ü–∏—è —Ä–µ—à–µ–Ω–∏—è –ø–æ—Å
                                                  —Ç–∞–≤–ª–µ–Ω–Ω–æ–π –∑–∞–¥–...

You may provide a definition with
\DeclareUnicodeCharacter 


! LaTeX Error: Unicode character —Ç (U+0442)
               not set up for use with LaTeX.

See the LaTeX manual or LaTeX Companion for explanation.
Type  H <return>  for immediate help.
 ...                                              
                                                  
l.3 ...Ä–µ–∞–ª–∏–∑–∞—Ü–∏—è —Ä–µ—à–µ–Ω–∏—è –ø–æ—Å—Ç
                                                  –∞–≤–ª–µ–Ω–Ω–æ–π –∑–∞–¥–∞—...

You may provide a definition with
\DeclareUnicodeCharacter 


! LaTeX Error: Unicode character –∞ (U+0430)
               not set up for use with LaTeX.

See the LaTeX manual or LaTeX Companion for explanation.
Type  H <return>  for immediate help.
 ...                                              
                                                  
l.3 ...µ–∞–ª–∏–∑–∞—Ü–∏—è —Ä–µ—à–µ–Ω–∏—è –ø–æ—Å—Ç–∞
                                                  –≤–ª–µ–Ω–Ω–æ–π –∑–∞–¥–∞—á–...

You may provide a definition with
\DeclareUnicodeCharacter 


! LaTeX Error: Unicode character –≤ (U+0432)
               not set up for use with LaTeX.

See the LaTeX manual or LaTeX Companion for explanation.
Type  H <return>  for immediate help.
 ...                                              
                                                  
l.3 ...∞–ª–∏–∑–∞—Ü–∏—è —Ä–µ—à–µ–Ω–∏—è –ø–æ—Å—Ç–∞–≤
                                                  –ª–µ–Ω–Ω–æ–π –∑–∞–¥–∞—á–∏ ...

You may provide a definition with
\DeclareUnicodeCharacter 


! LaTeX Error: Unicode character –ª (U+043B)
               not set up for use with LaTeX.

See the LaTeX manual or LaTeX Companion for explanation.
Type  H <return>  for immediate help.
 ...                                              
                                                  
l.3 ...ª–∏–∑–∞—Ü–∏—è —Ä–µ—à–µ–Ω–∏—è –ø–æ—Å—Ç–∞–≤–ª
                                                  –µ–Ω–Ω–æ–π –∑–∞–¥–∞—á–∏ –≤...

You may provide a definition with
\DeclareUnicodeCharacter 


! LaTeX Error: Unicode character –µ (U+0435)
               not set up for use with LaTeX.

See the LaTeX manual or LaTeX Companion for explanation.
Type  H <return>  for immediate help.
 ...                                              
                                                  
l.3 ...∏–∑–∞—Ü–∏—è —Ä–µ—à–µ–Ω–∏—è –ø–æ—Å—Ç–∞–≤–ª–µ
                                                  –Ω–Ω–æ–π –∑–∞–¥–∞—á–∏ –≤ —...

You may provide a definition with
\DeclareUnicodeCharacter 


! LaTeX Error: Unicode character –Ω (U+043D)
               not set up for use with LaTeX.

See the LaTeX manual or LaTeX Companion for explanation.
Type  H <return>  for immediate help.
 ...                                              
                                                  
l.3 ...∑–∞—Ü–∏—è —Ä–µ—à–µ–Ω–∏—è –ø–æ—Å—Ç–∞–≤–ª–µ–Ω
                                                  –Ω–æ–π –∑–∞–¥–∞—á–∏ –≤ —Ñ–...

You may provide a definition with
\DeclareUnicodeCharacter 


! LaTeX Error: Unicode character –Ω (U+043D)
               not set up for use with LaTeX.

See the LaTeX manual or LaTeX Companion for explanation.
Type  H <return>  for immediate help.
 ...                                              
                                                  
l.3 ...∞—Ü–∏—è —Ä–µ—à–µ–Ω–∏—è –ø–æ—Å—Ç–∞–≤–ª–µ–Ω–Ω
                                                  –æ–π –∑–∞–¥–∞—á–∏ –≤ —Ñ–æ—...

You may provide a definition with
\DeclareUnicodeCharacter 


! LaTeX Error: Unicode character –æ (U+043E)
               not set up for use with LaTeX.

See the LaTeX manual or LaTeX Companion for explanation.
Type  H <return>  for immediate help.
 ...                                              
                                                  
l.3 ...Ü–∏—è —Ä–µ—à–µ–Ω–∏—è –ø–æ—Å—Ç–∞–≤–ª–µ–Ω–Ω–æ
                                                  –π –∑–∞–¥–∞—á–∏ –≤ —Ñ–æ—Ä–...

You may provide a definition with
\DeclareUnicodeCharacter 


! LaTeX Error: Unicode character –π (U+0439)
               not set up for use with LaTeX.

See the LaTeX manual or LaTeX Companion for explanation.
Type  H <return>  for immediate help.
 ...                                              
                                                  
l.3 ...∏—è —Ä–µ—à–µ–Ω–∏—è –ø–æ—Å—Ç–∞–≤–ª–µ–Ω–Ω–æ–π
                                                   –∑–∞–¥–∞—á–∏ –≤ —Ñ–æ—Ä–º–...

You may provide a definition with
\DeclareUnicodeCharacter 


! LaTeX Error: Unicode character –∑ (U+0437)
               not set up for use with LaTeX.

See the LaTeX manual or LaTeX Companion for explanation.
Type  H <return>  for immediate help.
 ...                                              
                                                  
l.3 ... —Ä–µ—à–µ–Ω–∏—è –ø–æ—Å—Ç–∞–≤–ª–µ–Ω–Ω–æ–π –∑
                                                  –∞–¥–∞—á–∏ –≤ —Ñ–æ—Ä–º–∞—Ç...

You may provide a definition with
\DeclareUnicodeCharacter 


! LaTeX Error: Unicode character –∞ (U+0430)
               not set up for use with LaTeX.

See the LaTeX manual or LaTeX Companion for explanation.
Type  H <return>  for immediate help.
 ...                                              
                                                  
l.3 ...Ä–µ—à–µ–Ω–∏—è –ø–æ—Å—Ç–∞–≤–ª–µ–Ω–Ω–æ–π –∑–∞
                                                  –¥–∞—á–∏ –≤ —Ñ–æ—Ä–º–∞—Ç–µ...

You may provide a definition with
\DeclareUnicodeCharacter 


! LaTeX Error: Unicode character –¥ (U+0434)
               not set up for use with LaTeX.

See the LaTeX manual or LaTeX Companion for explanation.
Type  H <return>  for immediate help.
 ...                                              
                                                  
l.3 ...µ—à–µ–Ω–∏—è –ø–æ—Å—Ç–∞–≤–ª–µ–Ω–Ω–æ–π –∑–∞–¥
                                                  –∞—á–∏ –≤ —Ñ–æ—Ä–º–∞—Ç–µ –...

You may provide a definition with
\DeclareUnicodeCharacter 


! LaTeX Error: Unicode character –∞ (U+0430)
               not set up for use with LaTeX.

See the LaTeX manual or LaTeX Companion for explanation.
Type  H <return>  for immediate help.
 ...                                              
                                                  
l.3 ...à–µ–Ω–∏—è –ø–æ—Å—Ç–∞–≤–ª–µ–Ω–Ω–æ–π –∑–∞–¥–∞
                                                  —á–∏ –≤ —Ñ–æ—Ä–º–∞—Ç–µ –ª–...

You may provide a definition with
\DeclareUnicodeCharacter 


! LaTeX Error: Unicode character —á (U+0447)
               not set up for use with LaTeX.

See the LaTeX manual or LaTeX Companion for explanation.
Type  H <return>  for immediate help.
 ...                                              
                                                  
l.3 ...µ–Ω–∏—è –ø–æ—Å—Ç–∞–≤–ª–µ–Ω–Ω–æ–π –∑–∞–¥–∞—á
                                                  –∏ –≤ —Ñ–æ—Ä–º–∞—Ç–µ –ª–∏—...

You may provide a definition with
\DeclareUnicodeCharacter 


! LaTeX Error: Unicode character –∏ (U+0438)
               not set up for use with LaTeX.

See the LaTeX manual or LaTeX Companion for explanation.
Type  H <return>  for immediate help.
 ...                                              
                                                  
l.3 ...Ω–∏—è –ø–æ—Å—Ç–∞–≤–ª–µ–Ω–Ω–æ–π –∑–∞–¥–∞—á–∏
                                                   –≤ —Ñ–æ—Ä–º–∞—Ç–µ –ª–∏—Å—...

You may provide a definition with
\DeclareUnicodeCharacter 


! LaTeX Error: Unicode character –≤ (U+0432)
               not set up for use with LaTeX.

See the LaTeX manual or LaTeX Companion for explanation.
Type  H <return>  for immediate help.
 ...                                              
                                                  
l.3 ...—è –ø–æ—Å—Ç–∞–≤–ª–µ–Ω–Ω–æ–π –∑–∞–¥–∞—á–∏ –≤
                                                   —Ñ–æ—Ä–º–∞—Ç–µ –ª–∏—Å—Ç–∏...

You may provide a definition with
\DeclareUnicodeCharacter 


! LaTeX Error: Unicode character —Ñ (U+0444)
               not set up for use with LaTeX.

See the LaTeX manual or LaTeX Companion for explanation.
Type  H <return>  for immediate help.
 ...                                              
                                                  
l.3 ...–ø–æ—Å—Ç–∞–≤–ª–µ–Ω–Ω–æ–π –∑–∞–¥–∞—á–∏ –≤ —Ñ
                                                  –æ—Ä–º–∞—Ç–µ –ª–∏—Å—Ç–∏–Ω–...

You may provide a definition with
\DeclareUnicodeCharacter 


! LaTeX Error: Unicode character –æ (U+043E)
               not set up for use with LaTeX.

See the LaTeX manual or LaTeX Companion for explanation.
Type  H <return>  for immediate help.
 ...                                              
                                                  
l.3 ...–æ—Å—Ç–∞–≤–ª–µ–Ω–Ω–æ–π –∑–∞–¥–∞—á–∏ –≤ —Ñ–æ
                                                  —Ä–º–∞—Ç–µ –ª–∏—Å—Ç–∏–Ω–≥–...

You may provide a definition with
\DeclareUnicodeCharacter 


! LaTeX Error: Unicode character —Ä (U+0440)
               not set up for use with LaTeX.

See the LaTeX manual or LaTeX Companion for explanation.
Type  H <return>  for immediate help.
 ...                                              
                                                  
l.3 ...—Å—Ç–∞–≤–ª–µ–Ω–Ω–æ–π –∑–∞–¥–∞—á–∏ –≤ —Ñ–æ—Ä
                                                  –º–∞—Ç–µ –ª–∏—Å—Ç–∏–Ω–≥–∞ ...

You may provide a definition with
\DeclareUnicodeCharacter 


! LaTeX Error: Unicode character –º (U+043C)
               not set up for use with LaTeX.

See the LaTeX manual or LaTeX Companion for explanation.
Type  H <return>  for immediate help.
 ...                                              
                                                  
l.3 ...—Ç–∞–≤–ª–µ–Ω–Ω–æ–π –∑–∞–¥–∞—á–∏ –≤ —Ñ–æ—Ä–º
                                                  –∞—Ç–µ –ª–∏—Å—Ç–∏–Ω–≥–∞ –∫...

You may provide a definition with
\DeclareUnicodeCharacter 


! LaTeX Error: Unicode character –∞ (U+0430)
               not set up for use with LaTeX.

See the LaTeX manual or LaTeX Companion for explanation.
Type  H <return>  for immediate help.
 ...                                              
                                                  
l.3 ...–∞–≤–ª–µ–Ω–Ω–æ–π –∑–∞–¥–∞—á–∏ –≤ —Ñ–æ—Ä–º–∞
                                                  —Ç–µ –ª–∏—Å—Ç–∏–Ω–≥–∞ –∫–æ...

You may provide a definition with
\DeclareUnicodeCharacter 


! LaTeX Error: Unicode character —Ç (U+0442)
               not set up for use with LaTeX.

See the LaTeX manual or LaTeX Companion for explanation.
Type  H <return>  for immediate help.
 ...                                              
                                                  
l.3 ...–≤–ª–µ–Ω–Ω–æ–π –∑–∞–¥–∞—á–∏ –≤ —Ñ–æ—Ä–º–∞—Ç
                                                  –µ –ª–∏—Å—Ç–∏–Ω–≥–∞ –∫–æ–¥...

You may provide a definition with
\DeclareUnicodeCharacter 


! LaTeX Error: Unicode character –µ (U+0435)
               not set up for use with LaTeX.

See the LaTeX manual or LaTeX Companion for explanation.
Type  H <return>  for immediate help.
 ...                                              
                                                  
l.3 ...–ª–µ–Ω–Ω–æ–π –∑–∞–¥–∞—á–∏ –≤ —Ñ–æ—Ä–º–∞—Ç–µ
                                                   –ª–∏—Å—Ç–∏–Ω–≥–∞ –∫–æ–¥–∞...

You may provide a definition with
\DeclareUnicodeCharacter 


! LaTeX Error: Unicode character –ª (U+043B)
               not set up for use with LaTeX.

See the LaTeX manual or LaTeX Companion for explanation.
Type  H <return>  for immediate help.
 ...                                              
                                                  
l.3 ...µ–Ω–Ω–æ–π –∑–∞–¥–∞—á–∏ –≤ —Ñ–æ—Ä–º–∞—Ç–µ –ª
                                                  –∏—Å—Ç–∏–Ω–≥–∞ –∫–æ–¥–∞. –...

You may provide a definition with
\DeclareUnicodeCharacter 


! LaTeX Error: Unicode character –∏ (U+0438)
               not set up for use with LaTeX.

See the LaTeX manual or LaTeX Companion for explanation.
Type  H <return>  for immediate help.
 ...                                              
                                                  
l.3 ...Ω–Ω–æ–π –∑–∞–¥–∞—á–∏ –≤ —Ñ–æ—Ä–º–∞—Ç–µ –ª–∏
                                                  —Å—Ç–∏–Ω–≥–∞ –∫–æ–¥–∞. –¢–...

You may provide a definition with
\DeclareUnicodeCharacter 


! LaTeX Error: Unicode character —Å (U+0441)
               not set up for use with LaTeX.

See the LaTeX manual or LaTeX Companion for explanation.
Type  H <return>  for immediate help.
 ...                                              
                                                  
l.3 ...Ω–æ–π –∑–∞–¥–∞—á–∏ –≤ —Ñ–æ—Ä–º–∞—Ç–µ –ª–∏—Å
                                                  —Ç–∏–Ω–≥–∞ –∫–æ–¥–∞. –¢–∞–...

You may provide a definition with
\DeclareUnicodeCharacter 


! LaTeX Error: Unicode character —Ç (U+0442)
               not set up for use with LaTeX.

See the LaTeX manual or LaTeX Companion for explanation.
Type  H <return>  for immediate help.
 ...                                              
                                                  
l.3 ...æ–π –∑–∞–¥–∞—á–∏ –≤ —Ñ–æ—Ä–º–∞—Ç–µ –ª–∏—Å—Ç
                                                  –∏–Ω–≥–∞ –∫–æ–¥–∞. –¢–∞–∫–...

You may provide a definition with
\DeclareUnicodeCharacter 


! LaTeX Error: Unicode character –∏ (U+0438)
               not set up for use with LaTeX.

See the LaTeX manual or LaTeX Companion for explanation.
Type  H <return>  for immediate help.
 ...                                              
                                                  
l.3 ...π –∑–∞–¥–∞—á–∏ –≤ —Ñ–æ—Ä–º–∞—Ç–µ –ª–∏—Å—Ç–∏
                                                  –Ω–≥–∞ –∫–æ–¥–∞. –¢–∞–∫–∂–...
(That makes 100 errors; please try again.) 
Here is how much of TeX's memory you used:
 45 strings out of 479721
 729 string characters out of 5887697
 284865 words of memory out of 5000000
 18101 multiletter control sequences out of 15000+600000
 469259 words of font info for 28 fonts, out of 8000000 for 9000
 430 hyphenation exceptions out of 8191
 13i,0n,12p,383b,31s stack positions out of 5000i,500n,10000p,200000b,80000s

!  ==> Fatal error occurred, no output PDF file produced!
