\BOOKMARK [0][-]{chapter*.2}{\376\377\004\022\004\062\004\065\004\064\004\065\004\075\004\070\004\065}{}% 1
\BOOKMARK [0][-]{chapter.1}{\376\377\004\020\004\075\004\060\004\073\004\070\004\102\004\070\004\107\004\065\004\101\004\072\004\060\004\117\000\040\004\107\004\060\004\101\004\102\004\114}{}% 2
\BOOKMARK [1][-]{section.1.1}{\376\377\004\036\004\077\004\070\004\101\004\060\004\075\004\070\004\065\000\040\004\076\004\061\004\112\004\065\004\072\004\102\004\076\004\062\000\040\004\101\004\106\004\065\004\075\004\113}{chapter.1}% 3
\BOOKMARK [1][-]{section.1.2}{\376\377\004\036\004\061\004\067\004\076\004\100\000\040\004\101\004\077\004\076\004\101\004\076\004\061\004\076\004\062\000\040\004\067\004\060\004\064\004\060\004\075\004\070\004\117\000\040\004\102\004\100\004\065\004\105\004\074\004\065\004\100\004\075\004\076\004\071\000\040\004\074\004\076\004\064\004\065\004\073\004\070}{chapter.1}% 4
\BOOKMARK [1][-]{section.1.3}{\376\377\004\036\004\061\004\067\004\076\004\100\000\040\004\101\004\077\004\076\004\101\004\076\004\061\004\076\004\062\000\040\004\067\004\060\004\064\004\060\004\075\004\070\004\117\000\040\004\077\004\076\004\062\004\065\004\100\004\105\004\075\004\076\004\101\004\102\004\075\004\113\004\105\000\040\004\074\004\076\004\064\004\065\004\073\004\065\004\071}{chapter.1}% 5
\BOOKMARK [1][-]{section.1.4}{\376\377\004\020\004\075\004\060\004\073\004\070\004\067\000\040\004\060\004\073\004\063\004\076\004\100\004\070\004\102\004\074\004\076\004\062\000\040\004\103\004\064\004\060\004\073\004\065\004\075\004\070\004\117\000\040\004\075\004\065\004\062\004\070\004\064\004\070\004\074\004\113\004\105\000\040\004\073\004\070\004\075\004\070\004\071\000\040\004\070\000\040\004\077\004\076\004\062\004\065\004\100\004\105\004\075\004\076\004\101\004\102\004\065\004\071}{chapter.1}% 6
\BOOKMARK [2][-]{subsection.1.4.1}{\376\377\004\020\004\073\004\063\004\076\004\100\004\070\004\102\004\074\000,\000\040\004\070\004\101\004\077\004\076\004\073\004\114\004\067\004\103\004\116\004\111\004\070\004\071\000\040\000Z\000-\004\061\004\103\004\104\004\065\004\100}{section.1.4}% 7
\BOOKMARK [2][-]{subsection.1.4.2}{\376\377\004\020\004\073\004\063\004\076\004\100\004\070\004\102\004\074\000\040\004\040\004\076\004\061\004\065\004\100\004\102\004\101\004\060}{section.1.4}% 8
\BOOKMARK [2][-]{subsection.1.4.3}{\376\377\004\020\004\073\004\063\004\076\004\100\004\070\004\102\004\074\000\040\004\076\004\061\004\100\004\060\004\102\004\075\004\076\004\071\000\040\004\102\004\100\004\060\004\101\004\101\004\070\004\100\004\076\004\062\004\072\004\070\000\040\004\073\004\103\004\107\004\065\004\071}{section.1.4}% 9
\BOOKMARK [2][-]{subsection.1.4.4}{\376\377\004\020\004\073\004\063\004\076\004\100\004\070\004\102\004\074\000\040\004\022\004\060\004\100\004\075\004\076\004\072\004\060}{section.1.4}% 10
\BOOKMARK [2][-]{subsection.1.4.5}{\376\377\004\022\004\113\004\062\004\076\004\064}{section.1.4}% 11
\BOOKMARK [1][-]{section.1.5}{\376\377\004\020\004\075\004\060\004\073\004\070\004\067\000\040\004\060\004\073\004\063\004\076\004\100\004\070\004\102\004\074\004\076\004\062\000\040\004\067\004\060\004\072\004\100\004\060\004\101\004\072\004\070}{chapter.1}% 12
\BOOKMARK [2][-]{subsection.1.5.1}{\376\377\004\027\004\060\004\072\004\100\004\060\004\101\004\072\004\060\000\040\004\023\004\103\004\100\004\076}{section.1.5}% 13
\BOOKMARK [2][-]{subsection.1.5.2}{\376\377\004\027\004\060\004\072\004\100\004\060\004\101\004\072\004\060\000\040\004\044\004\076\004\075\004\063\004\060}{section.1.5}% 14
\BOOKMARK [2][-]{subsection.1.5.3}{\376\377\004\022\004\113\004\062\004\076\004\064}{section.1.5}% 15
\BOOKMARK [1][-]{section.1.6}{\376\377\004\020\004\075\004\060\004\073\004\070\004\067\000\040\004\060\004\073\004\063\004\076\004\100\004\070\004\102\004\074\004\076\004\062\000\040\004\077\004\076\004\101\004\102\004\100\004\076\004\065\004\075\004\070\004\117\000\040\004\102\004\065\004\075\004\065\004\071}{chapter.1}% 16
\BOOKMARK [1][-]{section.1.7}{\376\377\004\020\004\075\004\060\004\073\004\070\004\067\000\040\004\074\004\076\004\064\004\065\004\073\004\065\004\071\000\040\004\076\004\101\004\062\004\065\004\111\004\065\004\075\004\070\004\117}{chapter.1}% 17
\BOOKMARK [2][-]{subsection.1.7.1}{\376\377\004\034\004\076\004\064\004\065\004\073\004\114\000\040\004\033\004\060\004\074\004\061\004\065\004\100\004\102\004\060}{section.1.7}% 18
\BOOKMARK [2][-]{subsection.1.7.2}{\376\377\004\034\004\076\004\064\004\065\004\073\004\114\000\040\004\044\004\076\004\075\004\063\004\060}{section.1.7}% 19
\BOOKMARK [2][-]{subsection.1.7.3}{\376\377\004\022\004\113\004\062\004\076\004\064}{section.1.7}% 20
\BOOKMARK [1][-]{section.1.8}{\376\377\004\030\004\102\004\076\004\063\004\076\004\062\004\113\004\071\000\040\004\062\004\113\004\061\004\076\004\100\000\040\004\060\004\073\004\063\004\076\004\100\004\070\004\102\004\074\004\076\004\062}{chapter.1}% 21
\BOOKMARK [0][-]{section.1.8}{\376\377\004\041\004\077\004\070\004\101\004\076\004\072\000\040\004\070\004\101\004\077\004\076\004\073\004\114\004\067\004\076\004\062\004\060\004\075\004\075\004\113\004\105\000\040\004\070\004\101\004\102\004\076\004\107\004\075\004\070\004\072\004\076\004\062}{}% 22
